This is pdfTeX, Version 3.1415926-1.40.10 (TeX Live 2009/Debian) (format=latex 2012.7.25)  7 MAY 2014 17:56
entering extended mode
 %&-line parsing enabled.
**pset6.tex
(./pset6.tex
LaTeX2e <2009/09/24>
Babel <v3.8l> and hyphenation patterns for english, usenglishmax, dumylang, noh
yphenation, farsi, arabic, croatian, bulgarian, ukrainian, russian, czech, slov
ak, danish, dutch, finnish, french, basque, ngerman, german, german-x-2009-06-1
9, ngerman-x-2009-06-19, ibycus, monogreek, greek, ancientgreek, hungarian, san
skrit, italian, latin, latvian, lithuanian, mongolian2a, mongolian, bokmal, nyn
orsk, romanian, irish, coptic, serbian, turkish, welsh, esperanto, uppersorbian
, estonian, indonesian, interlingua, icelandic, kurmanji, slovenian, polish, po
rtuguese, spanish, galician, catalan, swedish, ukenglish, pinyin, loaded.
(/usr/share/texmf-texlive/tex/latex/base/article.cls
Document Class: article 2007/10/19 v1.4h Standard LaTeX document class
(/usr/share/texmf-texlive/tex/latex/base/size12.clo
File: size12.clo 2007/10/19 v1.4h Standard LaTeX file (size option)
)
\c@part=\count79
\c@section=\count80
\c@subsection=\count81
\c@subsubsection=\count82
\c@paragraph=\count83
\c@subparagraph=\count84
\c@figure=\count85
\c@table=\count86
\abovecaptionskip=\skip41
\belowcaptionskip=\skip42
\bibindent=\dimen102
)
(/usr/share/texmf-texlive/tex/latex/amsmath/amsmath.sty
Package: amsmath 2000/07/18 v2.13 AMS math features
\@mathmargin=\skip43

For additional information on amsmath, use the `?' option.
(/usr/share/texmf-texlive/tex/latex/amsmath/amstext.sty
Package: amstext 2000/06/29 v2.01

(/usr/share/texmf-texlive/tex/latex/amsmath/amsgen.sty
File: amsgen.sty 1999/11/30 v2.0
\@emptytoks=\toks14
\ex@=\dimen103
))
(/usr/share/texmf-texlive/tex/latex/amsmath/amsbsy.sty
Package: amsbsy 1999/11/29 v1.2d
\pmbraise@=\dimen104
)
(/usr/share/texmf-texlive/tex/latex/amsmath/amsopn.sty
Package: amsopn 1999/12/14 v2.01 operator names
)
\inf@bad=\count87
LaTeX Info: Redefining \frac on input line 211.
\uproot@=\count88
\leftroot@=\count89
LaTeX Info: Redefining \overline on input line 307.
\classnum@=\count90
\DOTSCASE@=\count91
LaTeX Info: Redefining \ldots on input line 379.
LaTeX Info: Redefining \dots on input line 382.
LaTeX Info: Redefining \cdots on input line 467.
\Mathstrutbox@=\box26
\strutbox@=\box27
\big@size=\dimen105
LaTeX Font Info:    Redeclaring font encoding OML on input line 567.
LaTeX Font Info:    Redeclaring font encoding OMS on input line 568.
\macc@depth=\count92
\c@MaxMatrixCols=\count93
\dotsspace@=\muskip10
\c@parentequation=\count94
\dspbrk@lvl=\count95
\tag@help=\toks15
\row@=\count96
\column@=\count97
\maxfields@=\count98
\andhelp@=\toks16
\eqnshift@=\dimen106
\alignsep@=\dimen107
\tagshift@=\dimen108
\tagwidth@=\dimen109
\totwidth@=\dimen110
\lineht@=\dimen111
\@envbody=\toks17
\multlinegap=\skip44
\multlinetaggap=\skip45
\mathdisplay@stack=\toks18
LaTeX Info: Redefining \[ on input line 2666.
LaTeX Info: Redefining \] on input line 2667.
)
(/usr/share/texmf-texlive/tex/latex/graphics/color.sty
Package: color 2005/11/14 v1.0j Standard LaTeX Color (DPC)

(/etc/texmf/tex/latex/config/color.cfg
File: color.cfg 2007/01/18 v1.5 color configuration of teTeX/TeXLive
)
Package color Info: Driver file: dvips.def on input line 130.

(/usr/share/texmf-texlive/tex/latex/graphics/dvips.def
File: dvips.def 1999/02/16 v3.0i Driver-dependant file (DPC,SPQR)
)
(/usr/share/texmf-texlive/tex/latex/graphics/dvipsnam.def
File: dvipsnam.def 1999/02/16 v3.0i Driver-dependant file (DPC,SPQR)
))
(/usr/share/texmf-texlive/tex/latex/listings/listings.sty
(/usr/share/texmf-texlive/tex/latex/graphics/keyval.sty
Package: keyval 1999/03/16 v1.13 key=value parser (DPC)
\KV@toks@=\toks19
)
\lst@mode=\count99
\lst@gtempboxa=\box28
\lst@token=\toks20
\lst@length=\count100
\lst@currlwidth=\dimen112
\lst@column=\count101
\lst@pos=\count102
\lst@lostspace=\dimen113
\lst@width=\dimen114
\lst@newlines=\count103
\lst@lineno=\count104
\lst@maxwidth=\dimen115

(/usr/share/texmf-texlive/tex/latex/listings/lstmisc.sty
File: lstmisc.sty 2007/02/22 1.4 (Carsten Heinz)
\c@lstnumber=\count105
\lst@skipnumbers=\count106
\lst@framebox=\box29
)
(/usr/share/texmf-texlive/tex/latex/listings/listings.cfg
File: listings.cfg 2007/02/22 1.4 listings configuration
))
Package: listings 2007/02/22 1.4 (Carsten Heinz)

(/usr/share/texmf-texlive/tex/latex/graphics/graphicx.sty
Package: graphicx 1999/02/16 v1.0f Enhanced LaTeX Graphics (DPC,SPQR)

(/usr/share/texmf-texlive/tex/latex/graphics/graphics.sty
Package: graphics 2009/02/05 v1.0o Standard LaTeX Graphics (DPC,SPQR)

(/usr/share/texmf-texlive/tex/latex/graphics/trig.sty
Package: trig 1999/03/16 v1.09 sin cos tan (DPC)
)
(/etc/texmf/tex/latex/config/graphics.cfg
File: graphics.cfg 2009/08/28 v1.8 graphics configuration of TeX Live
)
Package graphics Info: Driver file: dvips.def on input line 91.
)
\Gin@req@height=\dimen116
\Gin@req@width=\dimen117
) (./macros.tex
(/usr/share/texmf-texlive/tex/latex/base/latexsym.sty
Package: latexsym 1998/08/17 v2.2e Standard LaTeX package (lasy symbols)
\symlasy=\mathgroup4
LaTeX Font Info:    Overwriting symbol font `lasy' in version `bold'
(Font)                  U/lasy/m/n --> U/lasy/b/n on input line 47.
)
(/usr/share/texmf-texlive/tex/latex/psnfss/times.sty
Package: times 2005/04/12 PSNFSS-v9.2a (SPQR) 
)
(/usr/share/texmf-texlive/tex/latex/ltxmisc/url.sty
\Urlmuskip=\muskip11
Package: url 2006/04/12  ver 3.3  Verb mode for urls, etc.
)
(/usr/share/texmf-texlive/tex/latex/clrscode/clrscode.sty
Package: clrscode 2007/03/29 v1.7 format pseudocode
\c@codelinenumber=\count107
\c@indent=\count108
\digitwidth=\skip46
\savecode=\box30
\codeboxwidth=\skip47
\c@thisindent=\count109
)
\toppush=\skip48
\c@problemnum=\count110
\c@problempartnum=\count111
\c@exercisenum=\count112
\c@exercisepartnum=\count113
\c@totalcaptions=\count114
\c@totalart=\count115
\halffigspace=\skip49
\wholefigspace=\skip50
\figruleheight=\skip51
\figgap=\skip52
\widefigspacewidth=\skip53
\macfigfill=\skip54
\bbx=\skip55
\bby=\skip56
\savearraycolsep=\skip57
\c@theorem=\count116
\c@xample=\count117
\c@definition=\count118
\c@handouts=\count119
) (./pset6.aux)
\openout1 = `pset6.aux'.

LaTeX Font Info:    Checking defaults for OML/cmm/m/it on input line 27.
LaTeX Font Info:    ... okay on input line 27.
LaTeX Font Info:    Checking defaults for T1/cmr/m/n on input line 27.
LaTeX Font Info:    ... okay on input line 27.
LaTeX Font Info:    Checking defaults for OT1/cmr/m/n on input line 27.
LaTeX Font Info:    ... okay on input line 27.
LaTeX Font Info:    Checking defaults for OMS/cmsy/m/n on input line 27.
LaTeX Font Info:    ... okay on input line 27.
LaTeX Font Info:    Checking defaults for OMX/cmex/m/n on input line 27.
LaTeX Font Info:    ... okay on input line 27.
LaTeX Font Info:    Checking defaults for U/cmr/m/n on input line 27.
LaTeX Font Info:    ... okay on input line 27.
LaTeX Font Info:    Try loading font information for OT1+ptm on input line 27.

(/usr/share/texmf-texlive/tex/latex/psnfss/ot1ptm.fd
File: ot1ptm.fd 2001/06/04 font definitions for OT1/ptm.
)
\c@lstlisting=\count120
LaTeX Font Info:    Try loading font information for U+lasy on input line 29.

(/usr/share/texmf-texlive/tex/latex/base/ulasy.fd
File: ulasy.fd 1998/08/17 v2.2e LaTeX symbol font definitions
)
Underfull \hbox (badness 10000) in paragraph at lines 29--29

 []

LaTeX Font Info:    Font shape `OT1/ptm/bx/n' in size <17.28> not available
(Font)              Font shape `OT1/ptm/b/n' tried instead on input line 29.
LaTeX Font Info:    Font shape `OT1/ptm/bx/n' in size <12> not available
(Font)              Font shape `OT1/ptm/b/n' tried instead on input line 31.
LaTeX Font Info:    Try loading font information for OT1+pcr on input line 34.
(/usr/share/texmf-texlive/tex/latex/psnfss/ot1pcr.fd
File: ot1pcr.fd 2001/06/04 font definitions for OT1/pcr.
)
(/usr/share/texmf-texlive/tex/latex/listings/lstlang1.sty
File: lstlang1.sty 2004/09/05 1.3 listings language file
)
Underfull \hbox (badness 10000) in paragraph at lines 68--70

 []

LaTeX Font Info:    Try loading font information for OML+ptm on input line 81.
(/usr/share/texmf-texlive/tex/latex/psnfss/omlptm.fd
File: omlptm.fd 
)
LaTeX Font Info:    Font shape `OML/ptm/m/n' in size <12> not available
(Font)              Font shape `OML/cmm/m/it' tried instead on input line 81.


! LaTeX Error: There's no line here to end.

See the LaTeX manual or LaTeX Companion for explanation.
Type  H <return>  for immediate help.
 ...                                              
                                                  
l.85 
     
? 

Underfull \hbox (badness 10000) in paragraph at lines 86--87

 []

[1

]
Underfull \hbox (badness 10000) in paragraph at lines 87--89

 []


! LaTeX Error: There's no line here to end.

See the LaTeX manual or LaTeX Companion for explanation.
Type  H <return>  for immediate help.
 ...                                              
                                                  
l.112 
      
? 

Underfull \hbox (badness 10000) in paragraph at lines 113--114

 []


Underfull \hbox (badness 10000) in paragraph at lines 114--116

 []

[2]
Underfull \hbox (badness 10000) in paragraph at lines 117--118

 []


! LaTeX Error: There's no line here to end.

See the LaTeX manual or LaTeX Companion for explanation.
Type  H <return>  for immediate help.
 ...                                              
                                                  
l.142 
      
? 

Underfull \hbox (badness 10000) in paragraph at lines 143--144

 []


Underfull \hbox (badness 10000) in paragraph at lines 145--147

 []

[3]
Underfull \hbox (badness 10000) in paragraph at lines 148--149

 []


Underfull \hbox (badness 10000) in paragraph at lines 150--152

 []


Underfull \hbox (badness 10000) in paragraph at lines 153--154

 []


Underfull \hbox (badness 10000) in paragraph at lines 157--158

 []


Underfull \hbox (badness 10000) in paragraph at lines 158--159

 []


Underfull \hbox (badness 10000) in paragraph at lines 159--160

 []


Underfull \hbox (badness 10000) in paragraph at lines 163--164

 []


Underfull \hbox (badness 10000) in paragraph at lines 164--165

 []

[4] (./pset6.aux) ) 
Here is how much of TeX's memory you used:
 3091 strings out of 493849
 40334 string characters out of 1152846
 128866 words of memory out of 3000000
 6347 multiletter control sequences out of 15000+50000
 10713 words of font info for 36 fonts, out of 3000000 for 9000
 714 hyphenation exceptions out of 8191
 27i,6n,40p,607b,1294s stack positions out of 5000i,500n,10000p,200000b,50000s

Output written on pset6.dvi (4 pages, 15596 bytes).
